{"level":"info","message":"begin: input=,32×16+14×32"}
{"level":"info","message":"32×16+14×32,,32×16+14×32,compute=,39,transform=,0,32[p0]乘以16[p0]加14[p0]乘以32[p300],0,"}
{"level":"info","message":"32×16+14×32,32×(16+14),32×(16+14),compute=,16,transform=,2,32[p0]乘以[p0]括号16[p0]加14[p0]反括号[p300],1,逆用（乘法分配-加法）—提取公因数(MulAddToFold)"}
{"level":"info","message":"fold_action_number_feature"}
{"level":"info","message":"32×16+14×32,,32×16+14×32,compute=,39,transform=,0,32[p0]乘以16[p0]加14[p0]乘以32[p300],1,"}
{"level":"info","message":"32×16+14×32,32×16+14×32,32×(16+14),compute=,16,transform=,2,32[p0]乘以[p0]括号16[p0]加14[p0]反括号[p300],2,两数相乘—拆数（和）用运算律(SplitChildren)"}
{"level":"info","message":"32×16+14×32,,32×16+14×32,compute=,39,transform=,0,32[p0]乘以16[p0]加14[p0]乘以32[p300],1,"}
{"level":"info","message":"32×16+14×32,32×16+14×32,32×(16+14),compute=,16,transform=,2,32[p0]乘以[p0]括号16[p0]加14[p0]反括号[p300],2,两数相乘—拆数（和）用运算律(SplitChildren)"}
{"level":"info","message":"32×16+14×32,,32×16+14×32,compute=,39,transform=,0,32[p0]乘以16[p0]加14[p0]乘以32[p300],2,"}
{"level":"info","message":"32×16+14×32,,32×(16+14),compute=,16,transform=,2,32[p0]乘以[p0]括号16[p0]加14[p0]反括号[p300],3,"}
{"level":"info","message":"32×16+14×32,,32×16+14×32,compute=,39,transform=,0,32[p0]乘以16[p0]加14[p0]乘以32[p300],1,"}
{"level":"info","message":"32×16+14×32,32×16+14×32,32×(16+14),compute=,16,transform=,2,32[p0]乘以[p0]括号16[p0]加14[p0]反括号[p300],2,两数相乘—拆数（和）用运算律(SplitChildren)"}
{"level":"info","message":"32×16+14×32,,32×16+14×32,compute=,39,transform=,0,32[p0]乘以16[p0]加14[p0]乘以32[p300],2,"}
{"level":"info","message":"32×16+14×32,,32×(16+14),compute=,16,transform=,2,32[p0]乘以[p0]括号16[p0]加14[p0]反括号[p300],3,"}
{"level":"info","message":"32×16+14×32,,32×16+14×32,compute=,39,transform=,0,32[p0]乘以16[p0]加14[p0]乘以32[p300],2,"}
{"level":"info","message":"32×16+14×32,,32×(16+14),compute=,16,transform=,2,32[p0]乘以[p0]括号16[p0]加14[p0]反括号[p300],3,"}
{"level":"info","message":"32×16+14×32,,32×16+14×32,compute=,39,transform=,0,32[p0]乘以16[p0]加14[p0]乘以32[p300],3,"}
{"level":"info","message":"32×16+14×32,,32×(16+14),compute=,16,transform=,2,32[p0]乘以[p0]括号16[p0]加14[p0]反括号[p300],4,"}
{"level":"info","message":"32×16+14×32,,32×16+14×16×2,compute=,49,transform=,1,32[p0]乘以16[p0]加14[p0]乘以16[p0]乘以2[p300],1,"}
{"level":"info","message":"32×16+14×32,32×16+14×16×2,(32+14×2)×16,compute=,21,transform=,3,[p0]括号32[p0]加14[p0]乘以2[p0]反括号[p0]乘以16[p300],2,两数相乘—拆数（和）用运算律(SplitChildren)"}
{"level":"info","message":"32×16+14×32,,32×16+14×16×2,compute=,49,transform=,1,32[p0]乘以16[p0]加14[p0]乘以16[p0]乘以2[p300],2,"}
{"level":"info","message":"32×16+14×32,,(32+14×2)×16,compute=,21,transform=,3,[p0]括号32[p0]加14[p0]乘以2[p0]反括号[p0]乘以16[p300],3,"}
{"level":"info","message":"32×16+14×32,,32×16+14×16×2,compute=,49,transform=,1,32[p0]乘以16[p0]加14[p0]乘以16[p0]乘以2[p300],2,"}
{"level":"info","message":"32×16+14×32,,(32+14×2)×16,compute=,21,transform=,3,[p0]括号32[p0]加14[p0]乘以2[p0]反括号[p0]乘以16[p300],3,"}
{"level":"info","message":"32×16+14×32,,32×16+14×16×2,compute=,49,transform=,1,32[p0]乘以16[p0]加14[p0]乘以16[p0]乘以2[p300],3,"}
{"level":"info","message":"32×16+14×32,,(32+14×2)×16,compute=,21,transform=,3,[p0]括号32[p0]加14[p0]乘以2[p0]反括号[p0]乘以16[p300],4,"}
{"level":"info","message":"32×16+14×32,32×16+14×16×2,32×16+14×(16×2),compute=,46,transform=,2,32[p0]乘以16[p0]加14[p0]乘以[p0]括号16[p0]乘以2[p0]反括号[p300],2,两数相乘—拆数（和）用运算律(SplitChildren)"}
{"level":"info","message":"32×16+14×32,32×16+14×16×2,32×16+14×(16×2),compute=,46,transform=,2,32[p0]乘以16[p0]加14[p0]乘以[p0]括号16[p0]乘以2[p0]反括号[p300],3,两数相乘—拆数（和）用运算律(SplitChildren)"}
{"level":"info","message":"32×16+14×32,32×16+14×16×2,32×16+14×(16×2),compute=,46,transform=,2,32[p0]乘以16[p0]加14[p0]乘以[p0]括号16[p0]乘以2[p0]反括号[p300],3,两数相乘—拆数（和）用运算律(SplitChildren)"}
{"level":"info","message":"32×16+14×32,32×16+14×16×2,32×16+14×(16×2),compute=,46,transform=,2,32[p0]乘以16[p0]加14[p0]乘以[p0]括号16[p0]乘以2[p0]反括号[p300],4,两数相乘—拆数（和）用运算律(SplitChildren)"}
{"level":"info","message":"32×16+14×32,32×16+14×16×2,32×16+(14×16)×2,compute=,49,transform=,2,32[p0]乘以16[p0]加[p0]括号14[p0]乘以16[p0]反括号[p0]乘以2[p300],2,两数相乘—拆数（和）用运算律(SplitChildren)"}
{"level":"info","message":"32×16+14×32,32×16+14×16×2,32×16+(14×16)×2,compute=,49,transform=,2,32[p0]乘以16[p0]加[p0]括号14[p0]乘以16[p0]反括号[p0]乘以2[p300],3,两数相乘—拆数（和）用运算律(SplitChildren)"}
{"level":"info","message":"32×16+14×32,32×16+14×16×2,32×16+(14×16)×2,compute=,49,transform=,2,32[p0]乘以16[p0]加[p0]括号14[p0]乘以16[p0]反括号[p0]乘以2[p300],3,两数相乘—拆数（和）用运算律(SplitChildren)"}
{"level":"info","message":"32×16+14×32,32×16+14×16×2,32×16+(14×16)×2,compute=,49,transform=,2,32[p0]乘以16[p0]加[p0]括号14[p0]乘以16[p0]反括号[p0]乘以2[p300],4,两数相乘—拆数（和）用运算律(SplitChildren)"}
{"level":"info","message":"32×16+14×32,32×16+14×16×2,32×16+14×2×16,compute=,46,transform=,3,32[p0]乘以16[p0]加14[p0]乘以2[p0]乘以16[p300],2,两数相乘—拆数（和）用运算律(SplitChildren)"}
{"level":"info","message":"32×16+14×32,32×16+14×16×2,(32+14×2)×16,compute=,21,transform=,5,[p0]括号32[p0]加14[p0]乘以2[p0]反括号[p0]乘以16[p300],3,两数相乘—拆数（和）用运算律(SplitChildren)"}
{"level":"info","message":"32×16+14×32,32×16+14×16×2,32×16+14×2×16,compute=,46,transform=,3,32[p0]乘以16[p0]加14[p0]乘以2[p0]乘以16[p300],3,两数相乘—拆数（和）用运算律(SplitChildren)"}
{"level":"info","message":"32×16+14×32,32×16+14×16×2,(32+14×2)×16,compute=,21,transform=,5,[p0]括号32[p0]加14[p0]乘以2[p0]反括号[p0]乘以16[p300],4,两数相乘—拆数（和）用运算律(SplitChildren)"}
{"level":"info","message":"32×16+14×32,32×16+14×16×2,32×16+14×2×16,compute=,46,transform=,3,32[p0]乘以16[p0]加14[p0]乘以2[p0]乘以16[p300],3,两数相乘—拆数（和）用运算律(SplitChildren)"}
{"level":"info","message":"32×16+14×32,32×16+14×16×2,(32+14×2)×16,compute=,21,transform=,5,[p0]括号32[p0]加14[p0]乘以2[p0]反括号[p0]乘以16[p300],4,两数相乘—拆数（和）用运算律(SplitChildren)"}
{"level":"info","message":"32×16+14×32,32×16+14×16×2,32×16+14×2×16,compute=,46,transform=,3,32[p0]乘以16[p0]加14[p0]乘以2[p0]乘以16[p300],4,两数相乘—拆数（和）用运算律(SplitChildren)"}
{"level":"info","message":"32×16+14×32,32×16+14×16×2,(32+14×2)×16,compute=,21,transform=,5,[p0]括号32[p0]加14[p0]乘以2[p0]反括号[p0]乘以16[p300],5,两数相乘—拆数（和）用运算律(SplitChildren)"}
{"level":"info","message":"32×16+14×32,32×16+14×16×2,32×16+14×(2×16),compute=,46,transform=,4,32[p0]乘以16[p0]加14[p0]乘以[p0]括号2[p0]乘以16[p0]反括号[p300],3,两数相乘—拆数（和）用运算律(SplitChildren)"}
{"level":"info","message":"32×16+14×32,32×16+14×16×2,32×16+14×(2×16),compute=,46,transform=,4,32[p0]乘以16[p0]加14[p0]乘以[p0]括号2[p0]乘以16[p0]反括号[p300],4,两数相乘—拆数（和）用运算律(SplitChildren)"}
{"level":"info","message":"32×16+14×32,32×16+14×16×2,32×16+14×(2×16),compute=,46,transform=,4,32[p0]乘以16[p0]加14[p0]乘以[p0]括号2[p0]乘以16[p0]反括号[p300],4,两数相乘—拆数（和）用运算律(SplitChildren)"}
{"level":"info","message":"32×16+14×32,32×16+14×16×2,32×16+14×(2×16),compute=,46,transform=,4,32[p0]乘以16[p0]加14[p0]乘以[p0]括号2[p0]乘以16[p0]反括号[p300],5,两数相乘—拆数（和）用运算律(SplitChildren)"}
{"level":"info","message":"32×16+14×32,32×16+14×16×2,32×16+(14×2)×16,compute=,46,transform=,4,32[p0]乘以16[p0]加[p0]括号14[p0]乘以2[p0]反括号[p0]乘以16[p300],3,两数相乘—拆数（和）用运算律(SplitChildren)"}
{"level":"info","message":"32×16+14×32,32×16+14×16×2,(32+(14×2))×16,compute=,21,transform=,6,[p0]括号32[p0]加[p0]括号14[p0]乘以2[p0]反括号[p0]反括号[p0]乘以16[p300],4,两数相乘—拆数（和）用运算律(SplitChildren)"}
{"level":"info","message":"32×16+14×32,32×16+14×16×2,32×16+(14×2)×16,compute=,46,transform=,4,32[p0]乘以16[p0]加[p0]括号14[p0]乘以2[p0]反括号[p0]乘以16[p300],4,两数相乘—拆数（和）用运算律(SplitChildren)"}
{"level":"info","message":"32×16+14×32,32×16+14×16×2,(32+(14×2))×16,compute=,21,transform=,6,[p0]括号32[p0]加[p0]括号14[p0]乘以2[p0]反括号[p0]反括号[p0]乘以16[p300],5,两数相乘—拆数（和）用运算律(SplitChildren)"}
{"level":"info","message":"32×16+14×32,32×16+14×16×2,32×16+(14×2)×16,compute=,46,transform=,4,32[p0]乘以16[p0]加[p0]括号14[p0]乘以2[p0]反括号[p0]乘以16[p300],4,两数相乘—拆数（和）用运算律(SplitChildren)"}
{"level":"info","message":"32×16+14×32,32×16+14×16×2,(32+(14×2))×16,compute=,21,transform=,6,[p0]括号32[p0]加[p0]括号14[p0]乘以2[p0]反括号[p0]反括号[p0]乘以16[p300],5,两数相乘—拆数（和）用运算律(SplitChildren)"}
{"level":"info","message":"32×16+14×32,32×16+14×16×2,32×16+(14×2)×16,compute=,46,transform=,4,32[p0]乘以16[p0]加[p0]括号14[p0]乘以2[p0]反括号[p0]乘以16[p300],5,两数相乘—拆数（和）用运算律(SplitChildren)"}
{"level":"info","message":"32×16+14×32,32×16+14×16×2,(32+(14×2))×16,compute=,21,transform=,6,[p0]括号32[p0]加[p0]括号14[p0]乘以2[p0]反括号[p0]反括号[p0]乘以16[p300],6,两数相乘—拆数（和）用运算律(SplitChildren)"}
{"level":"info","message":"32×16+14×32,,32×16+14×2×16,compute=,46,transform=,1,32[p0]乘以16[p0]加14[p0]乘以2[p0]乘以16[p300],1,"}
{"level":"info","message":"32×16+14×32,32×16+14×2×16,(32+14×2)×16,compute=,21,transform=,3,[p0]括号32[p0]加14[p0]乘以2[p0]反括号[p0]乘以16[p300],2,两数相乘—拆数（和）用运算律(SplitChildren)"}
{"level":"info","message":"32×16+14×32,,32×16+14×2×16,compute=,46,transform=,1,32[p0]乘以16[p0]加14[p0]乘以2[p0]乘以16[p300],2,"}
{"level":"info","message":"32×16+14×32,,(32+14×2)×16,compute=,21,transform=,3,[p0]括号32[p0]加14[p0]乘以2[p0]反括号[p0]乘以16[p300],3,"}
{"level":"info","message":"32×16+14×32,,32×16+14×2×16,compute=,46,transform=,1,32[p0]乘以16[p0]加14[p0]乘以2[p0]乘以16[p300],2,"}
{"level":"info","message":"32×16+14×32,,(32+14×2)×16,compute=,21,transform=,3,[p0]括号32[p0]加14[p0]乘以2[p0]反括号[p0]乘以16[p300],3,"}
{"level":"info","message":"32×16+14×32,,32×16+14×2×16,compute=,46,transform=,1,32[p0]乘以16[p0]加14[p0]乘以2[p0]乘以16[p300],3,"}
{"level":"info","message":"32×16+14×32,,(32+14×2)×16,compute=,21,transform=,3,[p0]括号32[p0]加14[p0]乘以2[p0]反括号[p0]乘以16[p300],4,"}
{"level":"info","message":"32×16+14×32,32×16+14×2×16,32×16+14×(2×16),compute=,46,transform=,2,32[p0]乘以16[p0]加14[p0]乘以[p0]括号2[p0]乘以16[p0]反括号[p300],2,两数相乘—拆数（和）用运算律(SplitChildren)"}
{"level":"info","message":"32×16+14×32,32×16+14×2×16,32×16+14×(2×16),compute=,46,transform=,2,32[p0]乘以16[p0]加14[p0]乘以[p0]括号2[p0]乘以16[p0]反括号[p300],3,两数相乘—拆数（和）用运算律(SplitChildren)"}
{"level":"info","message":"32×16+14×32,32×16+14×2×16,32×16+14×(2×16),compute=,46,transform=,2,32[p0]乘以16[p0]加14[p0]乘以[p0]括号2[p0]乘以16[p0]反括号[p300],3,两数相乘—拆数（和）用运算律(SplitChildren)"}
{"level":"info","message":"32×16+14×32,32×16+14×2×16,32×16+14×(2×16),compute=,46,transform=,2,32[p0]乘以16[p0]加14[p0]乘以[p0]括号2[p0]乘以16[p0]反括号[p300],4,两数相乘—拆数（和）用运算律(SplitChildren)"}
{"level":"info","message":"32×16+14×32,32×16+14×2×16,32×16+(14×2)×16,compute=,46,transform=,2,32[p0]乘以16[p0]加[p0]括号14[p0]乘以2[p0]反括号[p0]乘以16[p300],2,两数相乘—拆数（和）用运算律(SplitChildren)"}
{"level":"info","message":"32×16+14×32,32×16+14×2×16,(32+(14×2))×16,compute=,21,transform=,4,[p0]括号32[p0]加[p0]括号14[p0]乘以2[p0]反括号[p0]反括号[p0]乘以16[p300],3,两数相乘—拆数（和）用运算律(SplitChildren)"}
{"level":"info","message":"32×16+14×32,32×16+14×2×16,32×16+(14×2)×16,compute=,46,transform=,2,32[p0]乘以16[p0]加[p0]括号14[p0]乘以2[p0]反括号[p0]乘以16[p300],3,两数相乘—拆数（和）用运算律(SplitChildren)"}
{"level":"info","message":"32×16+14×32,32×16+14×2×16,(32+(14×2))×16,compute=,21,transform=,4,[p0]括号32[p0]加[p0]括号14[p0]乘以2[p0]反括号[p0]反括号[p0]乘以16[p300],4,两数相乘—拆数（和）用运算律(SplitChildren)"}
{"level":"info","message":"32×16+14×32,32×16+14×2×16,32×16+(14×2)×16,compute=,46,transform=,2,32[p0]乘以16[p0]加[p0]括号14[p0]乘以2[p0]反括号[p0]乘以16[p300],3,两数相乘—拆数（和）用运算律(SplitChildren)"}
{"level":"info","message":"32×16+14×32,32×16+14×2×16,(32+(14×2))×16,compute=,21,transform=,4,[p0]括号32[p0]加[p0]括号14[p0]乘以2[p0]反括号[p0]反括号[p0]乘以16[p300],4,两数相乘—拆数（和）用运算律(SplitChildren)"}
{"level":"info","message":"32×16+14×32,32×16+14×2×16,32×16+(14×2)×16,compute=,46,transform=,2,32[p0]乘以16[p0]加[p0]括号14[p0]乘以2[p0]反括号[p0]乘以16[p300],4,两数相乘—拆数（和）用运算律(SplitChildren)"}
{"level":"info","message":"32×16+14×32,32×16+14×2×16,(32+(14×2))×16,compute=,21,transform=,4,[p0]括号32[p0]加[p0]括号14[p0]乘以2[p0]反括号[p0]反括号[p0]乘以16[p300],5,两数相乘—拆数（和）用运算律(SplitChildren)"}
{"level":"info","message":"32×16+14×32,32×16+14×2×16,32×16+14×16×2,compute=,49,transform=,3,32[p0]乘以16[p0]加14[p0]乘以16[p0]乘以2[p300],2,两数相乘—拆数（和）用运算律(SplitChildren)"}
{"level":"info","message":"32×16+14×32,32×16+14×2×16,(32+14×2)×16,compute=,21,transform=,5,[p0]括号32[p0]加14[p0]乘以2[p0]反括号[p0]乘以16[p300],3,两数相乘—拆数（和）用运算律(SplitChildren)"}
{"level":"info","message":"32×16+14×32,32×16+14×2×16,32×16+14×16×2,compute=,49,transform=,3,32[p0]乘以16[p0]加14[p0]乘以16[p0]乘以2[p300],3,两数相乘—拆数（和）用运算律(SplitChildren)"}
{"level":"info","message":"32×16+14×32,32×16+14×2×16,(32+14×2)×16,compute=,21,transform=,5,[p0]括号32[p0]加14[p0]乘以2[p0]反括号[p0]乘以16[p300],4,两数相乘—拆数（和）用运算律(SplitChildren)"}
{"level":"info","message":"32×16+14×32,32×16+14×2×16,32×16+14×16×2,compute=,49,transform=,3,32[p0]乘以16[p0]加14[p0]乘以16[p0]乘以2[p300],3,两数相乘—拆数（和）用运算律(SplitChildren)"}
{"level":"info","message":"32×16+14×32,32×16+14×2×16,(32+14×2)×16,compute=,21,transform=,5,[p0]括号32[p0]加14[p0]乘以2[p0]反括号[p0]乘以16[p300],4,两数相乘—拆数（和）用运算律(SplitChildren)"}
{"level":"info","message":"32×16+14×32,32×16+14×2×16,32×16+14×16×2,compute=,49,transform=,3,32[p0]乘以16[p0]加14[p0]乘以16[p0]乘以2[p300],4,两数相乘—拆数（和）用运算律(SplitChildren)"}
{"level":"info","message":"32×16+14×32,32×16+14×2×16,(32+14×2)×16,compute=,21,transform=,5,[p0]括号32[p0]加14[p0]乘以2[p0]反括号[p0]乘以16[p300],5,两数相乘—拆数（和）用运算律(SplitChildren)"}
{"level":"info","message":"32×16+14×32,32×16+14×2×16,32×16+14×(16×2),compute=,46,transform=,4,32[p0]乘以16[p0]加14[p0]乘以[p0]括号16[p0]乘以2[p0]反括号[p300],3,两数相乘—拆数（和）用运算律(SplitChildren)"}
{"level":"info","message":"32×16+14×32,32×16+14×2×16,32×16+14×(16×2),compute=,46,transform=,4,32[p0]乘以16[p0]加14[p0]乘以[p0]括号16[p0]乘以2[p0]反括号[p300],4,两数相乘—拆数（和）用运算律(SplitChildren)"}
{"level":"info","message":"32×16+14×32,32×16+14×2×16,32×16+14×(16×2),compute=,46,transform=,4,32[p0]乘以16[p0]加14[p0]乘以[p0]括号16[p0]乘以2[p0]反括号[p300],4,两数相乘—拆数（和）用运算律(SplitChildren)"}
{"level":"info","message":"32×16+14×32,32×16+14×2×16,32×16+14×(16×2),compute=,46,transform=,4,32[p0]乘以16[p0]加14[p0]乘以[p0]括号16[p0]乘以2[p0]反括号[p300],5,两数相乘—拆数（和）用运算律(SplitChildren)"}
{"level":"info","message":"32×16+14×32,32×16+14×2×16,32×16+(14×16)×2,compute=,49,transform=,4,32[p0]乘以16[p0]加[p0]括号14[p0]乘以16[p0]反括号[p0]乘以2[p300],3,两数相乘—拆数（和）用运算律(SplitChildren)"}
{"level":"info","message":"32×16+14×32,32×16+14×2×16,32×16+(14×16)×2,compute=,49,transform=,4,32[p0]乘以16[p0]加[p0]括号14[p0]乘以16[p0]反括号[p0]乘以2[p300],4,两数相乘—拆数（和）用运算律(SplitChildren)"}
{"level":"info","message":"32×16+14×32,32×16+14×2×16,32×16+(14×16)×2,compute=,49,transform=,4,32[p0]乘以16[p0]加[p0]括号14[p0]乘以16[p0]反括号[p0]乘以2[p300],4,两数相乘—拆数（和）用运算律(SplitChildren)"}
{"level":"info","message":"32×16+14×32,32×16+14×2×16,32×16+(14×16)×2,compute=,49,transform=,4,32[p0]乘以16[p0]加[p0]括号14[p0]乘以16[p0]反括号[p0]乘以2[p300],5,两数相乘—拆数（和）用运算律(SplitChildren)"}
{"level":"info","message":"input=,32×16+14×32,final=,32×(16+14),computeCost=,16,transformCost=,2"}
{"level":"info","message":"begin: input=,32×16+14×32"}
{"level":"info","message":"32×16+14×32,,32×16+14×32,compute=,39,transform=,0,32[p0]乘以16[p0]加14[p0]乘以32[p300],0,"}
{"level":"info","message":"32×16+14×32,32×(16+14),32×(16+14),compute=,16,transform=,2,32[p0]乘以[p0]括号16[p0]加14[p0]反括号[p300],1,逆用（乘法分配-加法）—提取公因数(MulAddToFold)"}
{"level":"info","message":"fold_action_number_feature"}
{"level":"info","message":"32×16+14×32,,32×16+14×32,compute=,39,transform=,0,32[p0]乘以16[p0]加14[p0]乘以32[p300],1,"}
{"level":"info","message":"32×16+14×32,32×16+14×32,32×(16+14),compute=,16,transform=,2,32[p0]乘以[p0]括号16[p0]加14[p0]反括号[p300],2,两数相乘—拆数（和）用运算律(SplitChildren)"}
{"level":"info","message":"32×16+14×32,,32×16+14×32,compute=,39,transform=,0,32[p0]乘以16[p0]加14[p0]乘以32[p300],1,"}
{"level":"info","message":"32×16+14×32,32×16+14×32,32×(16+14),compute=,16,transform=,2,32[p0]乘以[p0]括号16[p0]加14[p0]反括号[p300],2,两数相乘—拆数（和）用运算律(SplitChildren)"}
{"level":"info","message":"32×16+14×32,,32×16+14×32,compute=,39,transform=,0,32[p0]乘以16[p0]加14[p0]乘以32[p300],2,"}
{"level":"info","message":"32×16+14×32,,32×(16+14),compute=,16,transform=,2,32[p0]乘以[p0]括号16[p0]加14[p0]反括号[p300],3,"}
{"level":"info","message":"32×16+14×32,,32×16+14×32,compute=,39,transform=,0,32[p0]乘以16[p0]加14[p0]乘以32[p300],1,"}
{"level":"info","message":"32×16+14×32,32×16+14×32,32×(16+14),compute=,16,transform=,2,32[p0]乘以[p0]括号16[p0]加14[p0]反括号[p300],2,两数相乘—拆数（和）用运算律(SplitChildren)"}
{"level":"info","message":"32×16+14×32,,32×16+14×32,compute=,39,transform=,0,32[p0]乘以16[p0]加14[p0]乘以32[p300],2,"}
{"level":"info","message":"32×16+14×32,,32×(16+14),compute=,16,transform=,2,32[p0]乘以[p0]括号16[p0]加14[p0]反括号[p300],3,"}
{"level":"info","message":"32×16+14×32,,32×16+14×32,compute=,39,transform=,0,32[p0]乘以16[p0]加14[p0]乘以32[p300],2,"}
{"level":"info","message":"32×16+14×32,,32×(16+14),compute=,16,transform=,2,32[p0]乘以[p0]括号16[p0]加14[p0]反括号[p300],3,"}
{"level":"info","message":"32×16+14×32,,32×16+14×32,compute=,39,transform=,0,32[p0]乘以16[p0]加14[p0]乘以32[p300],3,"}
{"level":"info","message":"32×16+14×32,,32×(16+14),compute=,16,transform=,2,32[p0]乘以[p0]括号16[p0]加14[p0]反括号[p300],4,"}
{"level":"info","message":"32×16+14×32,,32×16+14×16×2,compute=,49,transform=,1,32[p0]乘以16[p0]加14[p0]乘以16[p0]乘以2[p300],1,"}
{"level":"info","message":"32×16+14×32,32×16+14×16×2,(32+14×2)×16,compute=,21,transform=,3,[p0]括号32[p0]加14[p0]乘以2[p0]反括号[p0]乘以16[p300],2,两数相乘—拆数（和）用运算律(SplitChildren)"}
{"level":"info","message":"32×16+14×32,,32×16+14×16×2,compute=,49,transform=,1,32[p0]乘以16[p0]加14[p0]乘以16[p0]乘以2[p300],2,"}
{"level":"info","message":"32×16+14×32,,(32+14×2)×16,compute=,21,transform=,3,[p0]括号32[p0]加14[p0]乘以2[p0]反括号[p0]乘以16[p300],3,"}
{"level":"info","message":"32×16+14×32,,32×16+14×16×2,compute=,49,transform=,1,32[p0]乘以16[p0]加14[p0]乘以16[p0]乘以2[p300],2,"}
{"level":"info","message":"32×16+14×32,,(32+14×2)×16,compute=,21,transform=,3,[p0]括号32[p0]加14[p0]乘以2[p0]反括号[p0]乘以16[p300],3,"}
{"level":"info","message":"32×16+14×32,,32×16+14×16×2,compute=,49,transform=,1,32[p0]乘以16[p0]加14[p0]乘以16[p0]乘以2[p300],3,"}
{"level":"info","message":"32×16+14×32,,(32+14×2)×16,compute=,21,transform=,3,[p0]括号32[p0]加14[p0]乘以2[p0]反括号[p0]乘以16[p300],4,"}
{"level":"info","message":"32×16+14×32,32×16+14×16×2,32×16+14×(16×2),compute=,46,transform=,2,32[p0]乘以16[p0]加14[p0]乘以[p0]括号16[p0]乘以2[p0]反括号[p300],2,两数相乘—拆数（和）用运算律(SplitChildren)"}
{"level":"info","message":"32×16+14×32,32×16+14×16×2,32×16+14×(16×2),compute=,46,transform=,2,32[p0]乘以16[p0]加14[p0]乘以[p0]括号16[p0]乘以2[p0]反括号[p300],3,两数相乘—拆数（和）用运算律(SplitChildren)"}
{"level":"info","message":"32×16+14×32,32×16+14×16×2,32×16+14×(16×2),compute=,46,transform=,2,32[p0]乘以16[p0]加14[p0]乘以[p0]括号16[p0]乘以2[p0]反括号[p300],3,两数相乘—拆数（和）用运算律(SplitChildren)"}
{"level":"info","message":"32×16+14×32,32×16+14×16×2,32×16+14×(16×2),compute=,46,transform=,2,32[p0]乘以16[p0]加14[p0]乘以[p0]括号16[p0]乘以2[p0]反括号[p300],4,两数相乘—拆数（和）用运算律(SplitChildren)"}
{"level":"info","message":"32×16+14×32,32×16+14×16×2,32×16+(14×16)×2,compute=,49,transform=,2,32[p0]乘以16[p0]加[p0]括号14[p0]乘以16[p0]反括号[p0]乘以2[p300],2,两数相乘—拆数（和）用运算律(SplitChildren)"}
{"level":"info","message":"32×16+14×32,32×16+14×16×2,32×16+(14×16)×2,compute=,49,transform=,2,32[p0]乘以16[p0]加[p0]括号14[p0]乘以16[p0]反括号[p0]乘以2[p300],3,两数相乘—拆数（和）用运算律(SplitChildren)"}
{"level":"info","message":"32×16+14×32,32×16+14×16×2,32×16+(14×16)×2,compute=,49,transform=,2,32[p0]乘以16[p0]加[p0]括号14[p0]乘以16[p0]反括号[p0]乘以2[p300],3,两数相乘—拆数（和）用运算律(SplitChildren)"}
{"level":"info","message":"32×16+14×32,32×16+14×16×2,32×16+(14×16)×2,compute=,49,transform=,2,32[p0]乘以16[p0]加[p0]括号14[p0]乘以16[p0]反括号[p0]乘以2[p300],4,两数相乘—拆数（和）用运算律(SplitChildren)"}
{"level":"info","message":"32×16+14×32,32×16+14×16×2,32×16+14×2×16,compute=,46,transform=,3,32[p0]乘以16[p0]加14[p0]乘以2[p0]乘以16[p300],2,两数相乘—拆数（和）用运算律(SplitChildren)"}
{"level":"info","message":"32×16+14×32,32×16+14×16×2,(32+14×2)×16,compute=,21,transform=,5,[p0]括号32[p0]加14[p0]乘以2[p0]反括号[p0]乘以16[p300],3,两数相乘—拆数（和）用运算律(SplitChildren)"}
{"level":"info","message":"32×16+14×32,32×16+14×16×2,32×16+14×2×16,compute=,46,transform=,3,32[p0]乘以16[p0]加14[p0]乘以2[p0]乘以16[p300],3,两数相乘—拆数（和）用运算律(SplitChildren)"}
{"level":"info","message":"32×16+14×32,32×16+14×16×2,(32+14×2)×16,compute=,21,transform=,5,[p0]括号32[p0]加14[p0]乘以2[p0]反括号[p0]乘以16[p300],4,两数相乘—拆数（和）用运算律(SplitChildren)"}
{"level":"info","message":"32×16+14×32,32×16+14×16×2,32×16+14×2×16,compute=,46,transform=,3,32[p0]乘以16[p0]加14[p0]乘以2[p0]乘以16[p300],3,两数相乘—拆数（和）用运算律(SplitChildren)"}
{"level":"info","message":"32×16+14×32,32×16+14×16×2,(32+14×2)×16,compute=,21,transform=,5,[p0]括号32[p0]加14[p0]乘以2[p0]反括号[p0]乘以16[p300],4,两数相乘—拆数（和）用运算律(SplitChildren)"}
{"level":"info","message":"32×16+14×32,32×16+14×16×2,32×16+14×2×16,compute=,46,transform=,3,32[p0]乘以16[p0]加14[p0]乘以2[p0]乘以16[p300],4,两数相乘—拆数（和）用运算律(SplitChildren)"}
{"level":"info","message":"32×16+14×32,32×16+14×16×2,(32+14×2)×16,compute=,21,transform=,5,[p0]括号32[p0]加14[p0]乘以2[p0]反括号[p0]乘以16[p300],5,两数相乘—拆数（和）用运算律(SplitChildren)"}
{"level":"info","message":"32×16+14×32,32×16+14×16×2,32×16+14×(2×16),compute=,46,transform=,4,32[p0]乘以16[p0]加14[p0]乘以[p0]括号2[p0]乘以16[p0]反括号[p300],3,两数相乘—拆数（和）用运算律(SplitChildren)"}
{"level":"info","message":"32×16+14×32,32×16+14×16×2,32×16+14×(2×16),compute=,46,transform=,4,32[p0]乘以16[p0]加14[p0]乘以[p0]括号2[p0]乘以16[p0]反括号[p300],4,两数相乘—拆数（和）用运算律(SplitChildren)"}
{"level":"info","message":"32×16+14×32,32×16+14×16×2,32×16+14×(2×16),compute=,46,transform=,4,32[p0]乘以16[p0]加14[p0]乘以[p0]括号2[p0]乘以16[p0]反括号[p300],4,两数相乘—拆数（和）用运算律(SplitChildren)"}
{"level":"info","message":"32×16+14×32,32×16+14×16×2,32×16+14×(2×16),compute=,46,transform=,4,32[p0]乘以16[p0]加14[p0]乘以[p0]括号2[p0]乘以16[p0]反括号[p300],5,两数相乘—拆数（和）用运算律(SplitChildren)"}
{"level":"info","message":"32×16+14×32,32×16+14×16×2,32×16+(14×2)×16,compute=,46,transform=,4,32[p0]乘以16[p0]加[p0]括号14[p0]乘以2[p0]反括号[p0]乘以16[p300],3,两数相乘—拆数（和）用运算律(SplitChildren)"}
{"level":"info","message":"32×16+14×32,32×16+14×16×2,(32+(14×2))×16,compute=,21,transform=,6,[p0]括号32[p0]加[p0]括号14[p0]乘以2[p0]反括号[p0]反括号[p0]乘以16[p300],4,两数相乘—拆数（和）用运算律(SplitChildren)"}
{"level":"info","message":"32×16+14×32,32×16+14×16×2,32×16+(14×2)×16,compute=,46,transform=,4,32[p0]乘以16[p0]加[p0]括号14[p0]乘以2[p0]反括号[p0]乘以16[p300],4,两数相乘—拆数（和）用运算律(SplitChildren)"}
{"level":"info","message":"32×16+14×32,32×16+14×16×2,(32+(14×2))×16,compute=,21,transform=,6,[p0]括号32[p0]加[p0]括号14[p0]乘以2[p0]反括号[p0]反括号[p0]乘以16[p300],5,两数相乘—拆数（和）用运算律(SplitChildren)"}
{"level":"info","message":"32×16+14×32,32×16+14×16×2,32×16+(14×2)×16,compute=,46,transform=,4,32[p0]乘以16[p0]加[p0]括号14[p0]乘以2[p0]反括号[p0]乘以16[p300],4,两数相乘—拆数（和）用运算律(SplitChildren)"}
{"level":"info","message":"32×16+14×32,32×16+14×16×2,(32+(14×2))×16,compute=,21,transform=,6,[p0]括号32[p0]加[p0]括号14[p0]乘以2[p0]反括号[p0]反括号[p0]乘以16[p300],5,两数相乘—拆数（和）用运算律(SplitChildren)"}
{"level":"info","message":"32×16+14×32,32×16+14×16×2,32×16+(14×2)×16,compute=,46,transform=,4,32[p0]乘以16[p0]加[p0]括号14[p0]乘以2[p0]反括号[p0]乘以16[p300],5,两数相乘—拆数（和）用运算律(SplitChildren)"}
{"level":"info","message":"32×16+14×32,32×16+14×16×2,(32+(14×2))×16,compute=,21,transform=,6,[p0]括号32[p0]加[p0]括号14[p0]乘以2[p0]反括号[p0]反括号[p0]乘以16[p300],6,两数相乘—拆数（和）用运算律(SplitChildren)"}
{"level":"info","message":"32×16+14×32,,32×16+14×2×16,compute=,46,transform=,1,32[p0]乘以16[p0]加14[p0]乘以2[p0]乘以16[p300],1,"}
{"level":"info","message":"32×16+14×32,32×16+14×2×16,(32+14×2)×16,compute=,21,transform=,3,[p0]括号32[p0]加14[p0]乘以2[p0]反括号[p0]乘以16[p300],2,两数相乘—拆数（和）用运算律(SplitChildren)"}
{"level":"info","message":"32×16+14×32,,32×16+14×2×16,compute=,46,transform=,1,32[p0]乘以16[p0]加14[p0]乘以2[p0]乘以16[p300],2,"}
{"level":"info","message":"32×16+14×32,,(32+14×2)×16,compute=,21,transform=,3,[p0]括号32[p0]加14[p0]乘以2[p0]反括号[p0]乘以16[p300],3,"}
{"level":"info","message":"32×16+14×32,,32×16+14×2×16,compute=,46,transform=,1,32[p0]乘以16[p0]加14[p0]乘以2[p0]乘以16[p300],2,"}
{"level":"info","message":"32×16+14×32,,(32+14×2)×16,compute=,21,transform=,3,[p0]括号32[p0]加14[p0]乘以2[p0]反括号[p0]乘以16[p300],3,"}
{"level":"info","message":"32×16+14×32,,32×16+14×2×16,compute=,46,transform=,1,32[p0]乘以16[p0]加14[p0]乘以2[p0]乘以16[p300],3,"}
{"level":"info","message":"32×16+14×32,,(32+14×2)×16,compute=,21,transform=,3,[p0]括号32[p0]加14[p0]乘以2[p0]反括号[p0]乘以16[p300],4,"}
{"level":"info","message":"32×16+14×32,32×16+14×2×16,32×16+14×(2×16),compute=,46,transform=,2,32[p0]乘以16[p0]加14[p0]乘以[p0]括号2[p0]乘以16[p0]反括号[p300],2,两数相乘—拆数（和）用运算律(SplitChildren)"}
{"level":"info","message":"32×16+14×32,32×16+14×2×16,32×16+14×(2×16),compute=,46,transform=,2,32[p0]乘以16[p0]加14[p0]乘以[p0]括号2[p0]乘以16[p0]反括号[p300],3,两数相乘—拆数（和）用运算律(SplitChildren)"}
{"level":"info","message":"32×16+14×32,32×16+14×2×16,32×16+14×(2×16),compute=,46,transform=,2,32[p0]乘以16[p0]加14[p0]乘以[p0]括号2[p0]乘以16[p0]反括号[p300],3,两数相乘—拆数（和）用运算律(SplitChildren)"}
{"level":"info","message":"32×16+14×32,32×16+14×2×16,32×16+14×(2×16),compute=,46,transform=,2,32[p0]乘以16[p0]加14[p0]乘以[p0]括号2[p0]乘以16[p0]反括号[p300],4,两数相乘—拆数（和）用运算律(SplitChildren)"}
{"level":"info","message":"32×16+14×32,32×16+14×2×16,32×16+(14×2)×16,compute=,46,transform=,2,32[p0]乘以16[p0]加[p0]括号14[p0]乘以2[p0]反括号[p0]乘以16[p300],2,两数相乘—拆数（和）用运算律(SplitChildren)"}
{"level":"info","message":"32×16+14×32,32×16+14×2×16,(32+(14×2))×16,compute=,21,transform=,4,[p0]括号32[p0]加[p0]括号14[p0]乘以2[p0]反括号[p0]反括号[p0]乘以16[p300],3,两数相乘—拆数（和）用运算律(SplitChildren)"}
{"level":"info","message":"32×16+14×32,32×16+14×2×16,32×16+(14×2)×16,compute=,46,transform=,2,32[p0]乘以16[p0]加[p0]括号14[p0]乘以2[p0]反括号[p0]乘以16[p300],3,两数相乘—拆数（和）用运算律(SplitChildren)"}
{"level":"info","message":"32×16+14×32,32×16+14×2×16,(32+(14×2))×16,compute=,21,transform=,4,[p0]括号32[p0]加[p0]括号14[p0]乘以2[p0]反括号[p0]反括号[p0]乘以16[p300],4,两数相乘—拆数（和）用运算律(SplitChildren)"}
{"level":"info","message":"32×16+14×32,32×16+14×2×16,32×16+(14×2)×16,compute=,46,transform=,2,32[p0]乘以16[p0]加[p0]括号14[p0]乘以2[p0]反括号[p0]乘以16[p300],3,两数相乘—拆数（和）用运算律(SplitChildren)"}
{"level":"info","message":"32×16+14×32,32×16+14×2×16,(32+(14×2))×16,compute=,21,transform=,4,[p0]括号32[p0]加[p0]括号14[p0]乘以2[p0]反括号[p0]反括号[p0]乘以16[p300],4,两数相乘—拆数（和）用运算律(SplitChildren)"}
{"level":"info","message":"32×16+14×32,32×16+14×2×16,32×16+(14×2)×16,compute=,46,transform=,2,32[p0]乘以16[p0]加[p0]括号14[p0]乘以2[p0]反括号[p0]乘以16[p300],4,两数相乘—拆数（和）用运算律(SplitChildren)"}
{"level":"info","message":"32×16+14×32,32×16+14×2×16,(32+(14×2))×16,compute=,21,transform=,4,[p0]括号32[p0]加[p0]括号14[p0]乘以2[p0]反括号[p0]反括号[p0]乘以16[p300],5,两数相乘—拆数（和）用运算律(SplitChildren)"}
{"level":"info","message":"32×16+14×32,32×16+14×2×16,32×16+14×16×2,compute=,49,transform=,3,32[p0]乘以16[p0]加14[p0]乘以16[p0]乘以2[p300],2,两数相乘—拆数（和）用运算律(SplitChildren)"}
{"level":"info","message":"32×16+14×32,32×16+14×2×16,(32+14×2)×16,compute=,21,transform=,5,[p0]括号32[p0]加14[p0]乘以2[p0]反括号[p0]乘以16[p300],3,两数相乘—拆数（和）用运算律(SplitChildren)"}
{"level":"info","message":"32×16+14×32,32×16+14×2×16,32×16+14×16×2,compute=,49,transform=,3,32[p0]乘以16[p0]加14[p0]乘以16[p0]乘以2[p300],3,两数相乘—拆数（和）用运算律(SplitChildren)"}
{"level":"info","message":"32×16+14×32,32×16+14×2×16,(32+14×2)×16,compute=,21,transform=,5,[p0]括号32[p0]加14[p0]乘以2[p0]反括号[p0]乘以16[p300],4,两数相乘—拆数（和）用运算律(SplitChildren)"}
{"level":"info","message":"32×16+14×32,32×16+14×2×16,32×16+14×16×2,compute=,49,transform=,3,32[p0]乘以16[p0]加14[p0]乘以16[p0]乘以2[p300],3,两数相乘—拆数（和）用运算律(SplitChildren)"}
{"level":"info","message":"32×16+14×32,32×16+14×2×16,(32+14×2)×16,compute=,21,transform=,5,[p0]括号32[p0]加14[p0]乘以2[p0]反括号[p0]乘以16[p300],4,两数相乘—拆数（和）用运算律(SplitChildren)"}
{"level":"info","message":"32×16+14×32,32×16+14×2×16,32×16+14×16×2,compute=,49,transform=,3,32[p0]乘以16[p0]加14[p0]乘以16[p0]乘以2[p300],4,两数相乘—拆数（和）用运算律(SplitChildren)"}
{"level":"info","message":"32×16+14×32,32×16+14×2×16,(32+14×2)×16,compute=,21,transform=,5,[p0]括号32[p0]加14[p0]乘以2[p0]反括号[p0]乘以16[p300],5,两数相乘—拆数（和）用运算律(SplitChildren)"}
{"level":"info","message":"32×16+14×32,32×16+14×2×16,32×16+14×(16×2),compute=,46,transform=,4,32[p0]乘以16[p0]加14[p0]乘以[p0]括号16[p0]乘以2[p0]反括号[p300],3,两数相乘—拆数（和）用运算律(SplitChildren)"}
{"level":"info","message":"32×16+14×32,32×16+14×2×16,32×16+14×(16×2),compute=,46,transform=,4,32[p0]乘以16[p0]加14[p0]乘以[p0]括号16[p0]乘以2[p0]反括号[p300],4,两数相乘—拆数（和）用运算律(SplitChildren)"}
{"level":"info","message":"32×16+14×32,32×16+14×2×16,32×16+14×(16×2),compute=,46,transform=,4,32[p0]乘以16[p0]加14[p0]乘以[p0]括号16[p0]乘以2[p0]反括号[p300],4,两数相乘—拆数（和）用运算律(SplitChildren)"}
{"level":"info","message":"32×16+14×32,32×16+14×2×16,32×16+14×(16×2),compute=,46,transform=,4,32[p0]乘以16[p0]加14[p0]乘以[p0]括号16[p0]乘以2[p0]反括号[p300],5,两数相乘—拆数（和）用运算律(SplitChildren)"}
{"level":"info","message":"32×16+14×32,32×16+14×2×16,32×16+(14×16)×2,compute=,49,transform=,4,32[p0]乘以16[p0]加[p0]括号14[p0]乘以16[p0]反括号[p0]乘以2[p300],3,两数相乘—拆数（和）用运算律(SplitChildren)"}
{"level":"info","message":"32×16+14×32,32×16+14×2×16,32×16+(14×16)×2,compute=,49,transform=,4,32[p0]乘以16[p0]加[p0]括号14[p0]乘以16[p0]反括号[p0]乘以2[p300],4,两数相乘—拆数（和）用运算律(SplitChildren)"}
{"level":"info","message":"32×16+14×32,32×16+14×2×16,32×16+(14×16)×2,compute=,49,transform=,4,32[p0]乘以16[p0]加[p0]括号14[p0]乘以16[p0]反括号[p0]乘以2[p300],4,两数相乘—拆数（和）用运算律(SplitChildren)"}
{"level":"info","message":"32×16+14×32,32×16+14×2×16,32×16+(14×16)×2,compute=,49,transform=,4,32[p0]乘以16[p0]加[p0]括号14[p0]乘以16[p0]反括号[p0]乘以2[p300],5,两数相乘—拆数（和）用运算律(SplitChildren)"}
{"level":"info","message":"input=,32×16+14×32,final=,32×(16+14),computeCost=,16,transformCost=,2"}
{"level":"info","message":"begin: input=,32×16+14×32"}
{"level":"info","message":"32×16+14×32,,32×16+14×32,compute=,39,transform=,0,32[p0]乘以16[p0]加14[p0]乘以32[p300],0,"}
{"level":"info","message":"32×16+14×32,32×(16+14),32×(16+14),compute=,16,transform=,2,32[p0]乘以[p0]括号16[p0]加14[p0]反括号[p300],1,逆用（乘法分配-加法）—提取公因数(MulAddToFold)"}
{"level":"info","message":"fold_action_number_feature"}
{"level":"info","message":"32×16+14×32,,32×16+14×32,compute=,39,transform=,0,32[p0]乘以16[p0]加14[p0]乘以32[p300],1,"}
{"level":"info","message":"32×16+14×32,32×16+14×32,32×(16+14),compute=,16,transform=,2,32[p0]乘以[p0]括号16[p0]加14[p0]反括号[p300],2,两数相乘—拆数（和）用运算律(SplitChildren)"}
{"level":"info","message":"32×16+14×32,,32×16+14×32,compute=,39,transform=,0,32[p0]乘以16[p0]加14[p0]乘以32[p300],1,"}
{"level":"info","message":"32×16+14×32,32×16+14×32,32×(16+14),compute=,16,transform=,2,32[p0]乘以[p0]括号16[p0]加14[p0]反括号[p300],2,两数相乘—拆数（和）用运算律(SplitChildren)"}
{"level":"info","message":"32×16+14×32,,32×16+14×32,compute=,39,transform=,0,32[p0]乘以16[p0]加14[p0]乘以32[p300],2,"}
{"level":"info","message":"32×16+14×32,,32×(16+14),compute=,16,transform=,2,32[p0]乘以[p0]括号16[p0]加14[p0]反括号[p300],3,"}
{"level":"info","message":"32×16+14×32,,32×16+14×32,compute=,39,transform=,0,32[p0]乘以16[p0]加14[p0]乘以32[p300],1,"}
{"level":"info","message":"32×16+14×32,32×16+14×32,32×(16+14),compute=,16,transform=,2,32[p0]乘以[p0]括号16[p0]加14[p0]反括号[p300],2,两数相乘—拆数（和）用运算律(SplitChildren)"}
{"level":"info","message":"32×16+14×32,,32×16+14×32,compute=,39,transform=,0,32[p0]乘以16[p0]加14[p0]乘以32[p300],2,"}
{"level":"info","message":"32×16+14×32,,32×(16+14),compute=,16,transform=,2,32[p0]乘以[p0]括号16[p0]加14[p0]反括号[p300],3,"}
{"level":"info","message":"32×16+14×32,,32×16+14×32,compute=,39,transform=,0,32[p0]乘以16[p0]加14[p0]乘以32[p300],2,"}
{"level":"info","message":"32×16+14×32,,32×(16+14),compute=,16,transform=,2,32[p0]乘以[p0]括号16[p0]加14[p0]反括号[p300],3,"}
{"level":"info","message":"32×16+14×32,,32×16+14×32,compute=,39,transform=,0,32[p0]乘以16[p0]加14[p0]乘以32[p300],3,"}
{"level":"info","message":"32×16+14×32,,32×(16+14),compute=,16,transform=,2,32[p0]乘以[p0]括号16[p0]加14[p0]反括号[p300],4,"}
{"level":"info","message":"32×16+14×32,,32×16+14×16×2,compute=,49,transform=,1,32[p0]乘以16[p0]加14[p0]乘以16[p0]乘以2[p300],1,"}
{"level":"info","message":"32×16+14×32,32×16+14×16×2,(32+14×2)×16,compute=,21,transform=,3,[p0]括号32[p0]加14[p0]乘以2[p0]反括号[p0]乘以16[p300],2,两数相乘—拆数（和）用运算律(SplitChildren)"}
{"level":"info","message":"32×16+14×32,,32×16+14×16×2,compute=,49,transform=,1,32[p0]乘以16[p0]加14[p0]乘以16[p0]乘以2[p300],2,"}
{"level":"info","message":"32×16+14×32,,(32+14×2)×16,compute=,21,transform=,3,[p0]括号32[p0]加14[p0]乘以2[p0]反括号[p0]乘以16[p300],3,"}
{"level":"info","message":"32×16+14×32,,32×16+14×16×2,compute=,49,transform=,1,32[p0]乘以16[p0]加14[p0]乘以16[p0]乘以2[p300],2,"}
{"level":"info","message":"32×16+14×32,,(32+14×2)×16,compute=,21,transform=,3,[p0]括号32[p0]加14[p0]乘以2[p0]反括号[p0]乘以16[p300],3,"}
{"level":"info","message":"32×16+14×32,,32×16+14×16×2,compute=,49,transform=,1,32[p0]乘以16[p0]加14[p0]乘以16[p0]乘以2[p300],3,"}
{"level":"info","message":"32×16+14×32,,(32+14×2)×16,compute=,21,transform=,3,[p0]括号32[p0]加14[p0]乘以2[p0]反括号[p0]乘以16[p300],4,"}
{"level":"info","message":"32×16+14×32,32×16+14×16×2,32×16+14×(16×2),compute=,46,transform=,2,32[p0]乘以16[p0]加14[p0]乘以[p0]括号16[p0]乘以2[p0]反括号[p300],2,两数相乘—拆数（和）用运算律(SplitChildren)"}
{"level":"info","message":"32×16+14×32,32×16+14×16×2,32×16+14×(16×2),compute=,46,transform=,2,32[p0]乘以16[p0]加14[p0]乘以[p0]括号16[p0]乘以2[p0]反括号[p300],3,两数相乘—拆数（和）用运算律(SplitChildren)"}
{"level":"info","message":"32×16+14×32,32×16+14×16×2,32×16+14×(16×2),compute=,46,transform=,2,32[p0]乘以16[p0]加14[p0]乘以[p0]括号16[p0]乘以2[p0]反括号[p300],3,两数相乘—拆数（和）用运算律(SplitChildren)"}
{"level":"info","message":"32×16+14×32,32×16+14×16×2,32×16+14×(16×2),compute=,46,transform=,2,32[p0]乘以16[p0]加14[p0]乘以[p0]括号16[p0]乘以2[p0]反括号[p300],4,两数相乘—拆数（和）用运算律(SplitChildren)"}
{"level":"info","message":"32×16+14×32,32×16+14×16×2,32×16+(14×16)×2,compute=,49,transform=,2,32[p0]乘以16[p0]加[p0]括号14[p0]乘以16[p0]反括号[p0]乘以2[p300],2,两数相乘—拆数（和）用运算律(SplitChildren)"}
{"level":"info","message":"32×16+14×32,32×16+14×16×2,32×16+(14×16)×2,compute=,49,transform=,2,32[p0]乘以16[p0]加[p0]括号14[p0]乘以16[p0]反括号[p0]乘以2[p300],3,两数相乘—拆数（和）用运算律(SplitChildren)"}
{"level":"info","message":"32×16+14×32,32×16+14×16×2,32×16+(14×16)×2,compute=,49,transform=,2,32[p0]乘以16[p0]加[p0]括号14[p0]乘以16[p0]反括号[p0]乘以2[p300],3,两数相乘—拆数（和）用运算律(SplitChildren)"}
{"level":"info","message":"32×16+14×32,32×16+14×16×2,32×16+(14×16)×2,compute=,49,transform=,2,32[p0]乘以16[p0]加[p0]括号14[p0]乘以16[p0]反括号[p0]乘以2[p300],4,两数相乘—拆数（和）用运算律(SplitChildren)"}
{"level":"info","message":"32×16+14×32,32×16+14×16×2,32×16+14×2×16,compute=,46,transform=,3,32[p0]乘以16[p0]加14[p0]乘以2[p0]乘以16[p300],2,两数相乘—拆数（和）用运算律(SplitChildren)"}
{"level":"info","message":"32×16+14×32,32×16+14×16×2,(32+14×2)×16,compute=,21,transform=,5,[p0]括号32[p0]加14[p0]乘以2[p0]反括号[p0]乘以16[p300],3,两数相乘—拆数（和）用运算律(SplitChildren)"}
{"level":"info","message":"32×16+14×32,32×16+14×16×2,32×16+14×2×16,compute=,46,transform=,3,32[p0]乘以16[p0]加14[p0]乘以2[p0]乘以16[p300],3,两数相乘—拆数（和）用运算律(SplitChildren)"}
{"level":"info","message":"32×16+14×32,32×16+14×16×2,(32+14×2)×16,compute=,21,transform=,5,[p0]括号32[p0]加14[p0]乘以2[p0]反括号[p0]乘以16[p300],4,两数相乘—拆数（和）用运算律(SplitChildren)"}
{"level":"info","message":"32×16+14×32,32×16+14×16×2,32×16+14×2×16,compute=,46,transform=,3,32[p0]乘以16[p0]加14[p0]乘以2[p0]乘以16[p300],3,两数相乘—拆数（和）用运算律(SplitChildren)"}
{"level":"info","message":"32×16+14×32,32×16+14×16×2,(32+14×2)×16,compute=,21,transform=,5,[p0]括号32[p0]加14[p0]乘以2[p0]反括号[p0]乘以16[p300],4,两数相乘—拆数（和）用运算律(SplitChildren)"}
{"level":"info","message":"32×16+14×32,32×16+14×16×2,32×16+14×2×16,compute=,46,transform=,3,32[p0]乘以16[p0]加14[p0]乘以2[p0]乘以16[p300],4,两数相乘—拆数（和）用运算律(SplitChildren)"}
{"level":"info","message":"32×16+14×32,32×16+14×16×2,(32+14×2)×16,compute=,21,transform=,5,[p0]括号32[p0]加14[p0]乘以2[p0]反括号[p0]乘以16[p300],5,两数相乘—拆数（和）用运算律(SplitChildren)"}
{"level":"info","message":"32×16+14×32,32×16+14×16×2,32×16+14×(2×16),compute=,46,transform=,4,32[p0]乘以16[p0]加14[p0]乘以[p0]括号2[p0]乘以16[p0]反括号[p300],3,两数相乘—拆数（和）用运算律(SplitChildren)"}
{"level":"info","message":"32×16+14×32,32×16+14×16×2,32×16+14×(2×16),compute=,46,transform=,4,32[p0]乘以16[p0]加14[p0]乘以[p0]括号2[p0]乘以16[p0]反括号[p300],4,两数相乘—拆数（和）用运算律(SplitChildren)"}
{"level":"info","message":"32×16+14×32,32×16+14×16×2,32×16+14×(2×16),compute=,46,transform=,4,32[p0]乘以16[p0]加14[p0]乘以[p0]括号2[p0]乘以16[p0]反括号[p300],4,两数相乘—拆数（和）用运算律(SplitChildren)"}
{"level":"info","message":"32×16+14×32,32×16+14×16×2,32×16+14×(2×16),compute=,46,transform=,4,32[p0]乘以16[p0]加14[p0]乘以[p0]括号2[p0]乘以16[p0]反括号[p300],5,两数相乘—拆数（和）用运算律(SplitChildren)"}
{"level":"info","message":"32×16+14×32,32×16+14×16×2,32×16+(14×2)×16,compute=,46,transform=,4,32[p0]乘以16[p0]加[p0]括号14[p0]乘以2[p0]反括号[p0]乘以16[p300],3,两数相乘—拆数（和）用运算律(SplitChildren)"}
{"level":"info","message":"32×16+14×32,32×16+14×16×2,(32+(14×2))×16,compute=,21,transform=,6,[p0]括号32[p0]加[p0]括号14[p0]乘以2[p0]反括号[p0]反括号[p0]乘以16[p300],4,两数相乘—拆数（和）用运算律(SplitChildren)"}
{"level":"info","message":"32×16+14×32,32×16+14×16×2,32×16+(14×2)×16,compute=,46,transform=,4,32[p0]乘以16[p0]加[p0]括号14[p0]乘以2[p0]反括号[p0]乘以16[p300],4,两数相乘—拆数（和）用运算律(SplitChildren)"}
{"level":"info","message":"32×16+14×32,32×16+14×16×2,(32+(14×2))×16,compute=,21,transform=,6,[p0]括号32[p0]加[p0]括号14[p0]乘以2[p0]反括号[p0]反括号[p0]乘以16[p300],5,两数相乘—拆数（和）用运算律(SplitChildren)"}
{"level":"info","message":"32×16+14×32,32×16+14×16×2,32×16+(14×2)×16,compute=,46,transform=,4,32[p0]乘以16[p0]加[p0]括号14[p0]乘以2[p0]反括号[p0]乘以16[p300],4,两数相乘—拆数（和）用运算律(SplitChildren)"}
{"level":"info","message":"32×16+14×32,32×16+14×16×2,(32+(14×2))×16,compute=,21,transform=,6,[p0]括号32[p0]加[p0]括号14[p0]乘以2[p0]反括号[p0]反括号[p0]乘以16[p300],5,两数相乘—拆数（和）用运算律(SplitChildren)"}
{"level":"info","message":"32×16+14×32,32×16+14×16×2,32×16+(14×2)×16,compute=,46,transform=,4,32[p0]乘以16[p0]加[p0]括号14[p0]乘以2[p0]反括号[p0]乘以16[p300],5,两数相乘—拆数（和）用运算律(SplitChildren)"}
{"level":"info","message":"32×16+14×32,32×16+14×16×2,(32+(14×2))×16,compute=,21,transform=,6,[p0]括号32[p0]加[p0]括号14[p0]乘以2[p0]反括号[p0]反括号[p0]乘以16[p300],6,两数相乘—拆数（和）用运算律(SplitChildren)"}
{"level":"info","message":"32×16+14×32,,32×16+14×2×16,compute=,46,transform=,1,32[p0]乘以16[p0]加14[p0]乘以2[p0]乘以16[p300],1,"}
{"level":"info","message":"32×16+14×32,32×16+14×2×16,(32+14×2)×16,compute=,21,transform=,3,[p0]括号32[p0]加14[p0]乘以2[p0]反括号[p0]乘以16[p300],2,两数相乘—拆数（和）用运算律(SplitChildren)"}
{"level":"info","message":"32×16+14×32,,32×16+14×2×16,compute=,46,transform=,1,32[p0]乘以16[p0]加14[p0]乘以2[p0]乘以16[p300],2,"}
{"level":"info","message":"32×16+14×32,,(32+14×2)×16,compute=,21,transform=,3,[p0]括号32[p0]加14[p0]乘以2[p0]反括号[p0]乘以16[p300],3,"}
{"level":"info","message":"32×16+14×32,,32×16+14×2×16,compute=,46,transform=,1,32[p0]乘以16[p0]加14[p0]乘以2[p0]乘以16[p300],2,"}
{"level":"info","message":"32×16+14×32,,(32+14×2)×16,compute=,21,transform=,3,[p0]括号32[p0]加14[p0]乘以2[p0]反括号[p0]乘以16[p300],3,"}
{"level":"info","message":"32×16+14×32,,32×16+14×2×16,compute=,46,transform=,1,32[p0]乘以16[p0]加14[p0]乘以2[p0]乘以16[p300],3,"}
{"level":"info","message":"32×16+14×32,,(32+14×2)×16,compute=,21,transform=,3,[p0]括号32[p0]加14[p0]乘以2[p0]反括号[p0]乘以16[p300],4,"}
{"level":"info","message":"32×16+14×32,32×16+14×2×16,32×16+14×(2×16),compute=,46,transform=,2,32[p0]乘以16[p0]加14[p0]乘以[p0]括号2[p0]乘以16[p0]反括号[p300],2,两数相乘—拆数（和）用运算律(SplitChildren)"}
{"level":"info","message":"32×16+14×32,32×16+14×2×16,32×16+14×(2×16),compute=,46,transform=,2,32[p0]乘以16[p0]加14[p0]乘以[p0]括号2[p0]乘以16[p0]反括号[p300],3,两数相乘—拆数（和）用运算律(SplitChildren)"}
{"level":"info","message":"32×16+14×32,32×16+14×2×16,32×16+14×(2×16),compute=,46,transform=,2,32[p0]乘以16[p0]加14[p0]乘以[p0]括号2[p0]乘以16[p0]反括号[p300],3,两数相乘—拆数（和）用运算律(SplitChildren)"}
{"level":"info","message":"32×16+14×32,32×16+14×2×16,32×16+14×(2×16),compute=,46,transform=,2,32[p0]乘以16[p0]加14[p0]乘以[p0]括号2[p0]乘以16[p0]反括号[p300],4,两数相乘—拆数（和）用运算律(SplitChildren)"}
{"level":"info","message":"32×16+14×32,32×16+14×2×16,32×16+(14×2)×16,compute=,46,transform=,2,32[p0]乘以16[p0]加[p0]括号14[p0]乘以2[p0]反括号[p0]乘以16[p300],2,两数相乘—拆数（和）用运算律(SplitChildren)"}
{"level":"info","message":"32×16+14×32,32×16+14×2×16,(32+(14×2))×16,compute=,21,transform=,4,[p0]括号32[p0]加[p0]括号14[p0]乘以2[p0]反括号[p0]反括号[p0]乘以16[p300],3,两数相乘—拆数（和）用运算律(SplitChildren)"}
{"level":"info","message":"32×16+14×32,32×16+14×2×16,32×16+(14×2)×16,compute=,46,transform=,2,32[p0]乘以16[p0]加[p0]括号14[p0]乘以2[p0]反括号[p0]乘以16[p300],3,两数相乘—拆数（和）用运算律(SplitChildren)"}
{"level":"info","message":"32×16+14×32,32×16+14×2×16,(32+(14×2))×16,compute=,21,transform=,4,[p0]括号32[p0]加[p0]括号14[p0]乘以2[p0]反括号[p0]反括号[p0]乘以16[p300],4,两数相乘—拆数（和）用运算律(SplitChildren)"}
{"level":"info","message":"32×16+14×32,32×16+14×2×16,32×16+(14×2)×16,compute=,46,transform=,2,32[p0]乘以16[p0]加[p0]括号14[p0]乘以2[p0]反括号[p0]乘以16[p300],3,两数相乘—拆数（和）用运算律(SplitChildren)"}
{"level":"info","message":"32×16+14×32,32×16+14×2×16,(32+(14×2))×16,compute=,21,transform=,4,[p0]括号32[p0]加[p0]括号14[p0]乘以2[p0]反括号[p0]反括号[p0]乘以16[p300],4,两数相乘—拆数（和）用运算律(SplitChildren)"}
{"level":"info","message":"32×16+14×32,32×16+14×2×16,32×16+(14×2)×16,compute=,46,transform=,2,32[p0]乘以16[p0]加[p0]括号14[p0]乘以2[p0]反括号[p0]乘以16[p300],4,两数相乘—拆数（和）用运算律(SplitChildren)"}
{"level":"info","message":"32×16+14×32,32×16+14×2×16,(32+(14×2))×16,compute=,21,transform=,4,[p0]括号32[p0]加[p0]括号14[p0]乘以2[p0]反括号[p0]反括号[p0]乘以16[p300],5,两数相乘—拆数（和）用运算律(SplitChildren)"}
{"level":"info","message":"32×16+14×32,32×16+14×2×16,32×16+14×16×2,compute=,49,transform=,3,32[p0]乘以16[p0]加14[p0]乘以16[p0]乘以2[p300],2,两数相乘—拆数（和）用运算律(SplitChildren)"}
{"level":"info","message":"32×16+14×32,32×16+14×2×16,(32+14×2)×16,compute=,21,transform=,5,[p0]括号32[p0]加14[p0]乘以2[p0]反括号[p0]乘以16[p300],3,两数相乘—拆数（和）用运算律(SplitChildren)"}
{"level":"info","message":"32×16+14×32,32×16+14×2×16,32×16+14×16×2,compute=,49,transform=,3,32[p0]乘以16[p0]加14[p0]乘以16[p0]乘以2[p300],3,两数相乘—拆数（和）用运算律(SplitChildren)"}
{"level":"info","message":"32×16+14×32,32×16+14×2×16,(32+14×2)×16,compute=,21,transform=,5,[p0]括号32[p0]加14[p0]乘以2[p0]反括号[p0]乘以16[p300],4,两数相乘—拆数（和）用运算律(SplitChildren)"}
{"level":"info","message":"32×16+14×32,32×16+14×2×16,32×16+14×16×2,compute=,49,transform=,3,32[p0]乘以16[p0]加14[p0]乘以16[p0]乘以2[p300],3,两数相乘—拆数（和）用运算律(SplitChildren)"}
{"level":"info","message":"32×16+14×32,32×16+14×2×16,(32+14×2)×16,compute=,21,transform=,5,[p0]括号32[p0]加14[p0]乘以2[p0]反括号[p0]乘以16[p300],4,两数相乘—拆数（和）用运算律(SplitChildren)"}
{"level":"info","message":"32×16+14×32,32×16+14×2×16,32×16+14×16×2,compute=,49,transform=,3,32[p0]乘以16[p0]加14[p0]乘以16[p0]乘以2[p300],4,两数相乘—拆数（和）用运算律(SplitChildren)"}
{"level":"info","message":"32×16+14×32,32×16+14×2×16,(32+14×2)×16,compute=,21,transform=,5,[p0]括号32[p0]加14[p0]乘以2[p0]反括号[p0]乘以16[p300],5,两数相乘—拆数（和）用运算律(SplitChildren)"}
{"level":"info","message":"32×16+14×32,32×16+14×2×16,32×16+14×(16×2),compute=,46,transform=,4,32[p0]乘以16[p0]加14[p0]乘以[p0]括号16[p0]乘以2[p0]反括号[p300],3,两数相乘—拆数（和）用运算律(SplitChildren)"}
{"level":"info","message":"32×16+14×32,32×16+14×2×16,32×16+14×(16×2),compute=,46,transform=,4,32[p0]乘以16[p0]加14[p0]乘以[p0]括号16[p0]乘以2[p0]反括号[p300],4,两数相乘—拆数（和）用运算律(SplitChildren)"}
{"level":"info","message":"32×16+14×32,32×16+14×2×16,32×16+14×(16×2),compute=,46,transform=,4,32[p0]乘以16[p0]加14[p0]乘以[p0]括号16[p0]乘以2[p0]反括号[p300],4,两数相乘—拆数（和）用运算律(SplitChildren)"}
{"level":"info","message":"32×16+14×32,32×16+14×2×16,32×16+14×(16×2),compute=,46,transform=,4,32[p0]乘以16[p0]加14[p0]乘以[p0]括号16[p0]乘以2[p0]反括号[p300],5,两数相乘—拆数（和）用运算律(SplitChildren)"}
{"level":"info","message":"32×16+14×32,32×16+14×2×16,32×16+(14×16)×2,compute=,49,transform=,4,32[p0]乘以16[p0]加[p0]括号14[p0]乘以16[p0]反括号[p0]乘以2[p300],3,两数相乘—拆数（和）用运算律(SplitChildren)"}
{"level":"info","message":"32×16+14×32,32×16+14×2×16,32×16+(14×16)×2,compute=,49,transform=,4,32[p0]乘以16[p0]加[p0]括号14[p0]乘以16[p0]反括号[p0]乘以2[p300],4,两数相乘—拆数（和）用运算律(SplitChildren)"}
{"level":"info","message":"32×16+14×32,32×16+14×2×16,32×16+(14×16)×2,compute=,49,transform=,4,32[p0]乘以16[p0]加[p0]括号14[p0]乘以16[p0]反括号[p0]乘以2[p300],4,两数相乘—拆数（和）用运算律(SplitChildren)"}
{"level":"info","message":"32×16+14×32,32×16+14×2×16,32×16+(14×16)×2,compute=,49,transform=,4,32[p0]乘以16[p0]加[p0]括号14[p0]乘以16[p0]反括号[p0]乘以2[p300],5,两数相乘—拆数（和）用运算律(SplitChildren)"}
{"level":"info","message":"input=,32×16+14×32,final=,32×(16+14),computeCost=,16,transformCost=,2"}
{"level":"info","message":"begin: input=,56+13+44"}
{"level":"info","message":"begin: input=,56+13+44"}
{"level":"info","message":"begin: input=,56+13+44"}
{"level":"info","message":"begin: input=,56+13+44"}
{"level":"info","message":"begin: input=,56+13+44"}
{"level":"info","message":"begin: input=,56+13+44"}
{"level":"info","message":"begin: input=,56+13+44"}
{"level":"info","message":"begin: input=,56+13+44"}
{"level":"info","message":"begin: input=,56+13+44"}
{"level":"info","message":"begin: input=,56+13+44"}
{"level":"info","message":"begin: input=,56+13+44"}
{"level":"info","message":"begin: input=,56+13+44"}
{"level":"info","message":"begin: input=,56+13+44"}
{"level":"info","message":"begin: input=,56+13+44"}
