{"level":"error","message":"process exception: input=,(4+40)Ò5,error=,Error: 无法识别的字符 Ò in (4+40)Ò5","service":"qiaosuan"}
{"level":"error","message":"exception: input=,7×1000÷125,error=,TypeError: Cannot read property 'toVizGraph' of undefined","service":"qiaosuan"}
{"level":"error","message":"exception: input=,8,error=,TypeError: Cannot read property 'priority' of undefined","service":"qiaosuan"}
{"level":"error","message":"process exception: input=,10+(),error=,TypeError: Cannot read property 'binaryTreeToCompactedTree' of undefined","service":"qiaosuan"}
{"level":"error","message":"process exception: input=,8.56+-1.44+223-123,error=,TypeError: Cannot read property 'binaryTreeToCompactedTree' of undefined","service":"qiaosuan"}
{"level":"error","message":"exception: input=,178×101-178,error=,TypeError: Cannot read property 'token' of undefined","service":"qiaosuan"}
{"level":"error","message":"exception: input=,178×101-178,error=,TypeError: Cannot read property 'token' of undefined","service":"qiaosuan"}
{"level":"error","message":"exception: input=,178×101-178,error=,TypeError: Cannot read property 'token' of undefined","service":"qiaosuan"}
{"level":"error","message":"exception: input=,178×101-178,error=,TypeError: Cannot read property 'token' of undefined","service":"qiaosuan"}
{"level":"error","message":"exception: input=,178×101-178,error=,TypeError: Cannot read property 'token' of undefined","service":"qiaosuan"}
{"level":"error","message":"exception: input=,178×101-178,error=,TypeError: Cannot read property 'token' of undefined","service":"qiaosuan"}
{"level":"error","message":"exception: input=,178×101-178,error=,TypeError: Cannot read property 'token' of undefined","service":"qiaosuan"}
{"level":"error","message":"exception: input=,178×101-178,error=,TypeError: Cannot read property 'token' of undefined","service":"qiaosuan"}
{"level":"error","message":"exception: input=,178×101-178,error=,TypeError: Cannot read property 'token' of undefined","service":"qiaosuan"}
{"level":"error","message":"exception: input=,178×101-178,error=,TypeError: Cannot read property 'token' of undefined","service":"qiaosuan"}
{"level":"error","message":"exception: input=,178×101-178,error=,TypeError: Cannot read property 'token' of undefined","service":"qiaosuan"}
{"level":"error","message":"exception: input=,178×101-178,error=,TypeError: Cannot read property 'token' of undefined","service":"qiaosuan"}
{"level":"error","message":"exception: input=,178×101-178,error=,TypeError: Cannot read property 'token' of undefined","service":"qiaosuan"}
{"level":"error","message":"exception: input=,178×101-178,error=,TypeError: Cannot read property 'token' of undefined","service":"qiaosuan"}
{"level":"error","message":"exception: input=,178×101-178,error=,TypeError: Cannot read property 'token' of undefined","service":"qiaosuan"}
{"level":"error","message":"exception: input=,178×101-178,error=,TypeError: Cannot read property 'token' of undefined","service":"qiaosuan"}
{"level":"error","message":"process exception: input=,3÷(3-3),error=,Error: 除数为0","service":"qiaosuan"}
{"level":"error","message":"process exception: input=,3÷(3-3),error=,Error: 除数为0","service":"qiaosuan"}
{"level":"error","message":"process exception: input=,180-{[(3+2)+5]×6},error=,Error: 无法识别的字符 { in 180-{[(3+2)+5]×6}","service":"qiaosuan"}
{"level":"error","message":"process exception: input=,180-{[(3+2)+5]×6},error=,Error: 无法识别的字符 { in 180-{[(3+2)+5]×6}","service":"qiaosuan"}
{"level":"error","message":"exception: input=,8,error=,TypeError: Cannot read property 'priority' of undefined","service":"qiaosuan"}
{"level":"error","message":"process exception: input=,10+(),error=,TypeError: Cannot read property 'binaryTreeToCompactedTree' of undefined","service":"qiaosuan"}
{"level":"error","message":"process exception: input=,18÷[(23-14)÷(2+1)],error=,Error: 无法识别的字符 [ in 18÷[(23-14)÷(2+1)]","service":"qiaosuan"}
{"level":"error","message":"exception: input=,8,error=,TypeError: Cannot read property 'priority' of undefined","service":"qiaosuan"}
{"level":"error","message":"process exception: input=,10+(),error=,TypeError: Cannot read property 'binaryTreeToCompactedTree' of undefined","service":"qiaosuan"}
{"level":"error","message":"process exception: input=,18÷[(23-14)÷(2+1)],error=,Error: 无法识别的字符 [ in 18÷[(23-14)÷(2+1)]","service":"qiaosuan"}
{"level":"error","message":"process exception: input=,[(3+2)÷5]+7,error=,Error: 无法识别的字符 [ in [(3+2)÷5]+7","service":"qiaosuan"}
{"level":"error","message":"process exception: input=,180-{[(3+2)+5]×6},error=,Error: 无法识别的字符 { in 180-{[(3+2)+5]×6}","service":"qiaosuan"}
{"level":"error","message":"process exception: input=,3÷(3-3),error=,Error: 除数为0","service":"qiaosuan"}
{"level":"error","message":"process exception: input=,6×(),error=,TypeError: Cannot read property 'binaryTreeToCompactedTree' of undefined","service":"qiaosuan"}
{"level":"error","message":"process exception: input=,0×(),error=,TypeError: Cannot read property 'binaryTreeToCompactedTree' of undefined","service":"qiaosuan"}
{"level":"error","message":"process exception: input=,4÷0,error=,Error: 除数为0","service":"qiaosuan"}
{"level":"error","message":"exception: input=,8,error=,TypeError: Cannot read property 'priority' of undefined","service":"qiaosuan"}
{"level":"error","message":"process exception: input=,10+(),error=,TypeError: Cannot read property 'binaryTreeToCompactedTree' of undefined","service":"qiaosuan"}
{"level":"error","message":"process exception: input=,18÷[(23-14)÷(2+1)],error=,Error: 无法识别的字符 [ in 18÷[(23-14)÷(2+1)]","service":"qiaosuan"}
{"level":"error","message":"process exception: input=,[(3+2)÷5]+7,error=,Error: 无法识别的字符 [ in [(3+2)÷5]+7","service":"qiaosuan"}
{"level":"error","message":"process exception: input=,180-{[(3+2)+5]×6},error=,Error: 无法识别的字符 { in 180-{[(3+2)+5]×6}","service":"qiaosuan"}
{"level":"error","message":"process exception: input=,3÷(3-3),error=,Error: 除数为0","service":"qiaosuan"}
{"level":"error","message":"process exception: input=,6×(),error=,TypeError: Cannot read property 'binaryTreeToCompactedTree' of undefined","service":"qiaosuan"}
{"level":"error","message":"process exception: input=,0×(),error=,TypeError: Cannot read property 'binaryTreeToCompactedTree' of undefined","service":"qiaosuan"}
{"level":"error","message":"process exception: input=,-219×0,error=,TypeError: Cannot read property 'binaryTreeToCompactedTree' of undefined","service":"qiaosuan"}
{"level":"error","message":"process exception: input=,4÷0,error=,Error: 除数为0","service":"qiaosuan"}
{"level":"error","message":"exception: input=,12.5×4×(0.8×2.5),error=,TypeError: Cannot read property 'speech' of undefined","service":"qiaosuan"}
{"level":"error","message":"process exception: input=,995＋996＋997＋998+999,error=,Error: 无法识别的字符 ＋ in 995＋996＋997＋998+999","service":"qiaosuan"}
{"level":"error","message":"exception: input=,273-4.6-73-6.4,error=,Error","service":"qiaosuan"}
{"level":"error","message":"exception: input=,12.5×4×(0.8×2.5),error=,Error","service":"qiaosuan"}
{"level":"error","message":"exception: input=,125×(37×8),error=,Error","service":"qiaosuan"}
{"level":"error","message":"exception: input=,25×(32×125),error=,Error","service":"qiaosuan"}
{"level":"error","message":"exception: input=,732+(580+268),error=,Error","service":"qiaosuan"}
{"level":"error","message":"exception: input=,21.4-(9.75+1.4),error=,Error","service":"qiaosuan"}
{"level":"error","message":"exception: input=,(4×3.78)×0.25,error=,Error","service":"qiaosuan"}
{"level":"error","message":"exception: input=,278+463+(122+37),error=,Error","service":"qiaosuan"}
{"level":"error","message":"exception: input=,(13×125)×(3×8),error=,Error","service":"qiaosuan"}
{"level":"error","message":"exception: input=,1÷0.32÷0.25÷1.25,error=,Error","service":"qiaosuan"}
{"level":"error","message":"exception: input=,10÷3.2÷0.25÷1.25,error=,Error","service":"qiaosuan"}
{"level":"error","message":"exception: input=,(37×125)×8,error=,Error","service":"qiaosuan"}
{"level":"error","message":"exception: input=,12.06+5.07+2.94,error=,Error","service":"qiaosuan"}
{"level":"error","message":"exception: input=,732+580+268,error=,Error","service":"qiaosuan"}
{"level":"error","message":"exception: input=,732+580+268,error=,Error","service":"qiaosuan"}
{"level":"error","message":"exception: input=,12.06+5.07+2.94,error=,Error","service":"qiaosuan"}
{"level":"error","message":"exception: input=,37.24-23.79+16.76,error=,Error","service":"qiaosuan"}
{"level":"error","message":"exception: input=,37.24-23.79+16.76,error=,Error","service":"qiaosuan"}
{"level":"error","message":"exception: input=,0.25+0.75-0.25+0.75,error=,Error","service":"qiaosuan"}
{"level":"error","message":"exception: input=,25+75-25+75,error=,Error","service":"qiaosuan"}
{"level":"error","message":"exception: input=,37.24+23.79-16.24,error=,Error","service":"qiaosuan"}
{"level":"error","message":"exception: input=,37.24+23.79-16.24,error=,Error","service":"qiaosuan"}
{"level":"error","message":"exception: input=,37.24+23.79-17.24,error=,Error","service":"qiaosuan"}
{"level":"error","message":"exception: input=,12.5÷4×0.8,error=,Error","service":"qiaosuan"}
{"level":"error","message":"exception: input=,125÷4×8,error=,Error","service":"qiaosuan"}
{"level":"error","message":"exception: input=,2.7÷0.9×2.7÷0.9,error=,Error","service":"qiaosuan"}
{"level":"error","message":"exception: input=,36÷9×36÷9,error=,Error","service":"qiaosuan"}
{"level":"error","message":"exception: input=,5.76+2.85+0.15,error=,Error","service":"qiaosuan"}
{"level":"error","message":"exception: input=,755+287+13,error=,Error","service":"qiaosuan"}
{"level":"error","message":"exception: input=,5.76-2.85+0.85,error=,Error","service":"qiaosuan"}
{"level":"error","message":"exception: input=,7.5+2.87-0.87,error=,Error","service":"qiaosuan"}
{"level":"error","message":"exception: input=,576-285+85,error=,Error","service":"qiaosuan"}
{"level":"error","message":"exception: input=,755+287-87,error=,Error","service":"qiaosuan"}
{"level":"error","message":"exception: input=,27.3-12.7-7.3,error=,Error","service":"qiaosuan"}
{"level":"error","message":"exception: input=,273-27-73,error=,Error","service":"qiaosuan"}
{"level":"error","message":"exception: input=,32.6÷0.4÷2.5,error=,Error","service":"qiaosuan"}
{"level":"error","message":"exception: input=,1.96÷1.25÷8,error=,Error","service":"qiaosuan"}
{"level":"error","message":"exception: input=,3000÷125÷8,error=,Error","service":"qiaosuan"}
{"level":"error","message":"exception: input=,18.6÷25÷0.04,error=,Error","service":"qiaosuan"}
{"level":"error","message":"exception: input=,3600÷25÷4,error=,Error","service":"qiaosuan"}
{"level":"error","message":"exception: input=,7×1000÷125,error=,Error","service":"qiaosuan"}
{"level":"error","message":"exception: input=,(12.06+5.07)+2.94,error=,Error","service":"qiaosuan"}
{"level":"error","message":"exception: input=,36.5-(6.5-1.8),error=,Error","service":"qiaosuan"}
{"level":"error","message":"exception: input=,365-(65-118),error=,Error","service":"qiaosuan"}
{"level":"error","message":"exception: input=,1.25×(8÷0.5),error=,Error","service":"qiaosuan"}
{"level":"error","message":"exception: input=,1000÷(125÷4),error=,Error","service":"qiaosuan"}
{"level":"error","message":"exception: input=,0.99+9.9+99+999,error=,Error","service":"qiaosuan"}
{"level":"error","message":"exception: input=,3500÷14÷5,error=,Error","service":"qiaosuan"}
{"level":"error","message":"exception: input=,7650-(550+4650),error=,Error","service":"qiaosuan"}
