2019-07-19T03:23:51.073Z - normal: Load ~/.CocosCreator/settings.json
2019-07-19T03:23:52.226Z - normal: Initializing Asset Database
2019-07-19T03:23:52.232Z - normal: checking language setting...
2019-07-19T03:23:52.232Z - normal: Language: zh
2019-07-19T03:23:52.981Z - success: preview server running at http://localhost:7457
2019-07-19T03:23:52.982Z - success: protocol editor-framework registered
2019-07-19T03:23:52.982Z - success: protocol app registered
2019-07-19T03:23:52.982Z - success: protocol theme registered
2019-07-19T03:23:52.982Z - success: protocol packages registered
2019-07-19T03:23:52.982Z - success: protocol uuid registerred
2019-07-19T03:23:52.982Z - success: protocol db registerred
2019-07-19T03:23:52.982Z - success: protocol thumbnail registerred
2019-07-19T03:23:52.982Z - success: protocol unpack registerred
2019-07-19T03:23:52.982Z - success: protocol disable-commonjs registerred
2019-07-19T03:23:53.165Z - normal: connected!
2019-07-19T03:23:53.166Z - normal: Check project D:\Users\git_puzzle_math\ahamath\src\hongbaiji\number_monster
2019-07-19T03:23:53.167Z - normal: Initializing project D:\Users\git_puzzle_math\ahamath\src\hongbaiji\number_monster
2019-07-19T03:23:53.518Z - normal: Initializing Cocos2d
2019-07-19T03:23:55.358Z - normal: Initializing engine extends
2019-07-19T03:23:55.379Z - success: asset-db-debugger loaded
2019-07-19T03:23:55.382Z - success: baidu-adapter loaded
2019-07-19T03:23:55.385Z - success: color-picker loaded
2019-07-19T03:23:55.491Z - success: fb-audience-network loaded
2019-07-19T03:23:55.554Z - success: fb-live-stream loaded
2019-07-19T03:23:55.572Z - success: google-play-instant loaded
2019-07-19T03:23:55.593Z - success: huawei-runtime loaded
2019-07-19T03:23:56.035Z - success: cpk-publish loaded
2019-07-19T03:23:56.039Z - success: jsb-adapter loaded
2019-07-19T03:23:56.070Z - success: oppo-runtime loaded
2019-07-19T03:23:56.082Z - success: package-manager loaded
2019-07-19T03:23:56.238Z - success: qqplay-adapter loaded
2019-07-19T03:23:56.245Z - success: runtime-dev-tools loaded
2019-07-19T03:23:56.256Z - success: sdkbox loaded
2019-07-19T03:23:56.265Z - success: tester loaded
2019-07-19T03:23:56.272Z - success: ui-grid loaded
2019-07-19T03:23:56.278Z - success: ui-kit-preview-extra loaded
2019-07-19T03:23:56.285Z - success: ui-kit-preview loaded
2019-07-19T03:23:56.286Z - success: ui-kit loaded
2019-07-19T03:23:56.293Z - success: ui-tree loaded
2019-07-19T03:23:56.311Z - success: vivo-runtime loaded
2019-07-19T03:23:56.315Z - success: weapp-adapter loaded
2019-07-19T03:23:56.318Z - success: xiaomi-adapter loaded
2019-07-19T03:23:56.356Z - success: assets loaded
2019-07-19T03:23:56.357Z - success: builder loaded
2019-07-19T03:23:56.562Z - success: cocos-services loaded
2019-07-19T03:23:56.566Z - success: console loaded
2019-07-19T03:23:56.594Z - success: fb-instant-games loaded
2019-07-19T03:23:56.595Z - success: google-instant-games loaded
2019-07-19T03:23:56.598Z - success: hierarchy loaded
2019-07-19T03:23:56.600Z - success: inspector loaded
2019-07-19T03:23:56.601Z - success: keystore loaded
2019-07-19T03:23:56.604Z - success: node-library loaded
2019-07-19T03:23:56.606Z - success: package-asset loaded
2019-07-19T03:23:56.607Z - success: preferences loaded
2019-07-19T03:23:56.608Z - success: project-exporter loaded
2019-07-19T03:23:56.609Z - success: project-importer loaded
2019-07-19T03:23:56.610Z - success: project-settings loaded
2019-07-19T03:23:56.612Z - success: scene loaded
2019-07-19T03:23:56.613Z - success: simulator-debugger loaded
2019-07-19T03:23:56.614Z - success: sprite-editor loaded
2019-07-19T03:23:56.616Z - success: store loaded
2019-07-19T03:23:56.618Z - success: timeline loaded
2019-07-19T03:23:56.622Z - success: xiaomi-runtime loaded
2019-07-19T03:24:00.003Z - info: Cocos Services load base data!
2019-07-19T03:24:04.535Z - normal: Loading packages
2019-07-19T03:24:04.538Z - normal: Watching packages
2019-07-19T03:24:04.886Z - normal: Run Application
2019-07-19T03:24:10.136Z - failed: load script [D:\Users\git_puzzle_math\ahamath\src\hongbaiji\number_monster\temp\quick-scripts\assets\scripts\utils\ald-game.js] failed : ReferenceError: wx is not defined
    at D:\Users\git_puzzle_math\ahamath\src\hongbaiji\number_monster\temp\quick-scripts\assets\scripts\utils\ald-game.js:129:5
    at D:\Users\git_puzzle_math\ahamath\src\hongbaiji\number_monster\temp\quick-scripts\assets\scripts\utils\ald-game.js:132:4
    at __define (D:\Users\git_puzzle_math\ahamath\src\hongbaiji\number_monster\temp\quick-scripts\assets\scripts\utils\ald-game.js:208:2)
    at D:\Users\git_puzzle_math\ahamath\src\hongbaiji\number_monster\temp\quick-scripts\assets\scripts\utils\ald-game.js:213:13
    at Object.<anonymous> (D:\Users\git_puzzle_math\ahamath\src\hongbaiji\number_monster\temp\quick-scripts\assets\scripts\utils\ald-game.js:220:11)
    at Object.<anonymous> (D:\Users\git_puzzle_math\ahamath\src\hongbaiji\number_monster\temp\quick-scripts\assets\scripts\utils\ald-game.js:223:3)
    at Module._compile (module.js:571:32)
    at Object.Module._extensions..js (module.js:580:10)
    at Module.load (module.js:488:32)
    at tryModuleLoad (module.js:447:12)
2019-07-19T11:52:37.718Z - failed: load script [D:\Users\git_puzzle_math\ahamath\src\hongbaiji\number_monster\temp\quick-scripts\assets\scripts\utils\ald-game.js] failed : ReferenceError: wx is not defined
    at D:\Users\git_puzzle_math\ahamath\src\hongbaiji\number_monster\temp\quick-scripts\assets\scripts\utils\ald-game.js:129:5
    at D:\Users\git_puzzle_math\ahamath\src\hongbaiji\number_monster\temp\quick-scripts\assets\scripts\utils\ald-game.js:132:4
    at __define (D:\Users\git_puzzle_math\ahamath\src\hongbaiji\number_monster\temp\quick-scripts\assets\scripts\utils\ald-game.js:208:2)
    at D:\Users\git_puzzle_math\ahamath\src\hongbaiji\number_monster\temp\quick-scripts\assets\scripts\utils\ald-game.js:213:13
    at Object.<anonymous> (D:\Users\git_puzzle_math\ahamath\src\hongbaiji\number_monster\temp\quick-scripts\assets\scripts\utils\ald-game.js:220:11)
    at Object.<anonymous> (D:\Users\git_puzzle_math\ahamath\src\hongbaiji\number_monster\temp\quick-scripts\assets\scripts\utils\ald-game.js:223:3)
    at Module._compile (module.js:571:32)
    at Object.Module._extensions..js (module.js:580:10)
    at Module.load (module.js:488:32)
    at tryModuleLoad (module.js:447:12)
